#
# There is insufficient memory for the Java Runtime Environment to continue.
# Native memory allocation (mmap) failed to map 3145728 bytes for Failed to commit area from 0x00000000ef600000 to 0x00000000ef900000 of length 3145728.
# Possible reasons:
#   The system is out of physical RAM or swap space
#   The process is running with CompressedOops enabled, and the Java Heap may be blocking the growth of the native heap
# Possible solutions:
#   Reduce memory load on the system
#   Increase physical memory or swap space
#   Check if swap backing store is full
#   Decrease Java heap size (-Xmx/-Xms)
#   Decrease number of Java threads
#   Decrease Java thread stack sizes (-Xss)
#   Set larger code cache with -XX:ReservedCodeCacheSize=
#   JVM is running with Unscaled Compressed Oops mode in which the Java heap is
#     placed in the first 4GB address space. The Java Heap base address is the
#     maximum limit for the native heap growth. Please use -XX:HeapBaseMinAddress
#     to set the Java Heap base and to place the Java Heap above 4GB virtual address.
# This output file may be truncated or incomplete.
#
#  Out of Memory Error (t:/workspace/open/src/hotspot/os/windows/os_windows.cpp:3221), pid=2088, tid=8760
#
# JRE version: Java(TM) SE Runtime Environment (10.0.2+13) (build 10.0.2+13)
# Java VM: Java HotSpot(TM) 64-Bit Server VM (10.0.2+13, mixed mode, tiered, compressed oops, g1 gc, windows-amd64)
# No core dump will be written. Minidumps are not enabled by default on client versions of Windows
#

---------------  S U M M A R Y ------------

Command Line: -Dclassworlds.conf=C:\Users\Paolo\Desktop\apache-maven-3.6.1\bin\..\bin\m2.conf -Dmaven.home=C:\Users\Paolo\Desktop\apache-maven-3.6.1\bin\.. -Dlibrary.jansi.path=C:\Users\Paolo\Desktop\apache-maven-3.6.1\bin\..\lib\jansi-native -Dmaven.multiModuleProjectDirectory=C:\Users\Paolo\Documents\Stage e tesi\Yarel\yarel\org.di.unito.yarel.parent org.codehaus.plexus.classworlds.launcher.Launcher clean install

Host: Intel(R) Atom(TM) x5-Z8300  CPU @ 1.44GHz, 4 cores, 1G,  Windows 10 , 64 bit Build 17134 (10.0.17134.706)
Time: Thu Apr 18 15:30:56 2019 W. Europe Daylight Time elapsed time: 286 seconds (0d 0h 4m 46s)

---------------  T H R E A D  ---------------

Current thread (0x00000298a70f0000):  JavaThread "pool-5-thread-2" [_thread_in_vm, id=8760, stack(0x000000de3ec00000,0x000000de3ed00000)]

Stack: [0x000000de3ec00000,0x000000de3ed00000]
Native frames: (J=compiled Java code, j=interpreted, Vv=VM code, C=native code)
V  [jvm.dll+0x5a01a9]
V  [jvm.dll+0x6bcf31]
V  [jvm.dll+0x6be126]
V  [jvm.dll+0x6be7b3]
V  [jvm.dll+0x234978]
V  [jvm.dll+0x59dac4]
V  [jvm.dll+0x592825]
V  [jvm.dll+0x2f632b]
V  [jvm.dll+0x2f6295]
V  [jvm.dll+0x2f6172]
V  [jvm.dll+0x2f8366]
V  [jvm.dll+0x344293]
V  [jvm.dll+0x3449a6]
V  [jvm.dll+0x344393]
V  [jvm.dll+0x2c4e09]
V  [jvm.dll+0x2c1514]
V  [jvm.dll+0x2c612e]
V  [jvm.dll+0xc698f]
V  [jvm.dll+0xc6811]
V  [jvm.dll+0x69bde3]
V  [jvm.dll+0x363bcf]
C  0x0000029891d4e7b4

Java frames: (J=compiled Java code, j=interpreted, Vv=VM code)
j  org.codehaus.plexus.archiver.zip.ByteArrayOutputStream.needNewBuffer(I)V+125
j  org.codehaus.plexus.archiver.zip.ByteArrayOutputStream.<init>(I)V+57
j  org.codehaus.plexus.archiver.zip.OffloadingOutputStream.<init>(ILjava/io/File;Ljava/lang/String;Ljava/lang/String;Ljava/io/File;)V+29
j  org.codehaus.plexus.archiver.zip.OffloadingOutputStream.<init>(ILjava/lang/String;Ljava/lang/String;Ljava/io/File;)V+7
j  org.codehaus.plexus.archiver.zip.DeferredScatterOutputStream.<init>(I)V+15
j  org.codehaus.plexus.archiver.zip.ConcurrentJarCreator$DeferredSupplier.get()Lorg/apache/commons/compress/parallel/ScatterGatherBackingStore;+8
j  org.apache.commons.compress.archivers.zip.ParallelScatterZipCreator.createDeferred(Lorg/apache/commons/compress/parallel/ScatterGatherBackingStoreSupplier;)Lorg/apache/commons/compress/archivers/zip/ScatterZipOutputStream;+1
j  org.apache.commons.compress.archivers.zip.ParallelScatterZipCreator.access$100(Lorg/apache/commons/compress/archivers/zip/ParallelScatterZipCreator;Lorg/apache/commons/compress/parallel/ScatterGatherBackingStoreSupplier;)Lorg/apache/commons/compress/archivers/zip/ScatterZipOutputStream;+2
j  org.apache.commons.compress.archivers.zip.ParallelScatterZipCreator$1.initialValue()Lorg/apache/commons/compress/archivers/zip/ScatterZipOutputStream;+11
j  org.apache.commons.compress.archivers.zip.ParallelScatterZipCreator$1.initialValue()Ljava/lang/Object;+1
J 10090 c1 java.lang.ThreadLocal.setInitialValue()Ljava/lang/Object; java.base@10.0.2 (36 bytes) @ 0x0000029893821504 [0x0000029893821400+0x0000000000000104]
J 4789 c2 java.lang.ThreadLocal.get()Ljava/lang/Object; java.base@10.0.2 (38 bytes) @ 0x000002989986c280 [0x000002989986c140+0x0000000000000140]
j  org.apache.commons.compress.archivers.zip.ParallelScatterZipCreator$2.call()Ljava/lang/Object;+7
j  java.util.concurrent.FutureTask.run()V+39 java.base@10.0.2
j  java.util.concurrent.ThreadPoolExecutor.runWorker(Ljava/util/concurrent/ThreadPoolExecutor$Worker;)V+92 java.base@10.0.2
j  java.util.concurrent.ThreadPoolExecutor$Worker.run()V+5 java.base@10.0.2
j  java.lang.Thread.run()V+11 java.base@10.0.2
v  ~StubRoutines::call_stub

---------------  P R O C E S S  ---------------

Threads class SMR info:
_java_thread_list=0x00000298af989f30, length=34, elements={
0x00000298851df800, 0x00000298a535a000, 0x00000298a5351000, 0x00000298a53ad800,
0x00000298a53ae000, 0x00000298a53bb800, 0x00000298a53c5000, 0x00000298a53c9000,
0x00000298a53d2000, 0x00000298a5694000, 0x00000298a56bc800, 0x00000298a8239000,
0x00000298a70dd800, 0x00000298a86a7800, 0x00000298a6845000, 0x00000298a70f1000,
0x00000298a70f1800, 0x00000298a85ec800, 0x00000298a85eb800, 0x00000298a85e8000,
0x00000298a85ee000, 0x00000298a85ed800, 0x00000298a85ef000, 0x00000298a85ef800,
0x00000298a85e9800, 0x00000298a85e8800, 0x00000298a85f0800, 0x00000298a85ea000,
0x00000298a85f2000, 0x00000298a85f3000, 0x00000298a85f5000, 0x00000298a70f0000,
0x00000298a924e000, 0x00000298a924c000
}

Java Threads: ( => current thread )
  0x00000298851df800 JavaThread "main" [_thread_blocked, id=2676, stack(0x000000de3c000000,0x000000de3c100000)]
  0x00000298a535a000 JavaThread "Reference Handler" daemon [_thread_blocked, id=5392, stack(0x000000de3cd00000,0x000000de3ce00000)]
  0x00000298a5351000 JavaThread "Finalizer" daemon [_thread_blocked, id=1844, stack(0x000000de3ce00000,0x000000de3cf00000)]
  0x00000298a53ad800 JavaThread "Signal Dispatcher" daemon [_thread_blocked, id=4996, stack(0x000000de3cf00000,0x000000de3d000000)]
  0x00000298a53ae000 JavaThread "Attach Listener" daemon [_thread_blocked, id=6904, stack(0x000000de3d000000,0x000000de3d100000)]
  0x00000298a53bb800 JavaThread "C2 CompilerThread0" daemon [_thread_blocked, id=4684, stack(0x000000de3d100000,0x000000de3d200000)]
  0x00000298a53c5000 JavaThread "C2 CompilerThread1" daemon [_thread_blocked, id=9052, stack(0x000000de3d200000,0x000000de3d300000)]
  0x00000298a53c9000 JavaThread "C1 CompilerThread2" daemon [_thread_blocked, id=8936, stack(0x000000de3d300000,0x000000de3d400000)]
  0x00000298a53d2000 JavaThread "Sweeper thread" daemon [_thread_blocked, id=9136, stack(0x000000de3d400000,0x000000de3d500000)]
  0x00000298a5694000 JavaThread "Service Thread" daemon [_thread_blocked, id=2204, stack(0x000000de3d500000,0x000000de3d600000)]
  0x00000298a56bc800 JavaThread "Common-Cleaner" daemon [_thread_blocked, id=6636, stack(0x000000de3d600000,0x000000de3d700000)]
  0x00000298a8239000 JavaThread "Active Thread: Equinox Container: 7e71bb0c-a2d3-4c7d-b184-d4dc1e2327ee" [_thread_blocked, id=6836, stack(0x000000de3dc00000,0x000000de3dd00000)]
  0x00000298a70dd800 JavaThread "Framework Event Dispatcher: Equinox Container: 7e71bb0c-a2d3-4c7d-b184-d4dc1e2327ee" daemon [_thread_blocked, id=3764, stack(0x000000de3dd00000,0x000000de3de00000)]
  0x00000298a86a7800 JavaThread "Start Level: Equinox Container: 7e71bb0c-a2d3-4c7d-b184-d4dc1e2327ee" daemon [_thread_blocked, id=2604, stack(0x000000de3de00000,0x000000de3df00000)]
  0x00000298a6845000 JavaThread "Refresh Thread: Equinox Container: 7e71bb0c-a2d3-4c7d-b184-d4dc1e2327ee" daemon [_thread_blocked, id=9104, stack(0x000000de3df00000,0x000000de3e000000)]
  0x00000298a70f1000 JavaThread "SCR Component Actor" daemon [_thread_blocked, id=4672, stack(0x000000de3e100000,0x000000de3e200000)]
  0x00000298a70f1800 JavaThread "Worker-JM" [_thread_blocked, id=2184, stack(0x000000de3e200000,0x000000de3e300000)]
  0x00000298a85ec800 JavaThread "Provisioning Event Dispatcher" daemon [_thread_blocked, id=3012, stack(0x000000de3db00000,0x000000de3dc00000)]
  0x00000298a85eb800 JavaThread "Worker-2" [_thread_blocked, id=1268, stack(0x000000de3e000000,0x000000de3e100000)]
  0x00000298a85e8000 JavaThread "Worker-3" [_thread_blocked, id=4768, stack(0x000000de3e300000,0x000000de3e400000)]
  0x00000298a85ee000 JavaThread "resolver-1" daemon [_thread_blocked, id=8340, stack(0x000000de3bd00000,0x000000de3be00000)]
  0x00000298a85ed800 JavaThread "resolver-2" daemon [_thread_blocked, id=8996, stack(0x000000de3be00000,0x000000de3bf00000)]
  0x00000298a85ef000 JavaThread "resolver-3" daemon [_thread_blocked, id=9016, stack(0x000000de3bf00000,0x000000de3c000000)]
  0x00000298a85ef800 JavaThread "resolver-4" daemon [_thread_blocked, id=8928, stack(0x000000de3e600000,0x000000de3e700000)]
  0x00000298a85e9800 JavaThread "resolver-5" daemon [_thread_blocked, id=8280, stack(0x000000de3e700000,0x000000de3e800000)]
  0x00000298a85e8800 JavaThread "EMF Reference Cleaner" daemon [_thread_blocked, id=8956, stack(0x000000de3d900000,0x000000de3da00000)]
  0x00000298a85f0800 JavaThread "com.google.inject.internal.util.$Finalizer" daemon [_thread_blocked, id=4388, stack(0x000000de3e800000,0x000000de3e900000)]
  0x00000298a85ea000 JavaThread "EMF Reference Cleaner" daemon [_thread_blocked, id=5596, stack(0x000000de3d800000,0x000000de3d900000)]
  0x00000298a85f2000 JavaThread "com.google.inject.internal.util.$Finalizer" daemon [_thread_blocked, id=3924, stack(0x000000de3e900000,0x000000de3ea00000)]
  0x00000298a85f3000 JavaThread "Provisioning Event Dispatcher" daemon [_thread_blocked, id=6388, stack(0x000000de3ea00000,0x000000de3eb00000)]
  0x00000298a85f5000 JavaThread "pool-5-thread-1" [_thread_blocked, id=7440, stack(0x000000de3eb00000,0x000000de3ec00000)]
=>0x00000298a70f0000 JavaThread "pool-5-thread-2" [_thread_in_vm, id=8760, stack(0x000000de3ec00000,0x000000de3ed00000)]
  0x00000298a924e000 JavaThread "pool-5-thread-3" [_thread_blocked, id=5368, stack(0x000000de3ed00000,0x000000de3ee00000)]
  0x00000298a924c000 JavaThread "pool-5-thread-4" [_thread_blocked, id=1188, stack(0x000000de3ee00000,0x000000de3ef00000)]

Other Threads:
  0x00000298a5347000 VMThread "VM Thread" [stack: 0x000000de3cc00000,0x000000de3cd00000] [id=6372]
  0x00000298a56bd000 WatcherThread [stack: 0x000000de3d700000,0x000000de3d800000] [id=6336]
  0x00000298851f8000 GCTaskThread "GC Thread#0" [stack: 0x000000de3c100000,0x000000de3c200000] [id=1688]
  0x00000298851f9800 GCTaskThread "GC Thread#1" [stack: 0x000000de3c200000,0x000000de3c300000] [id=5224]
  0x00000298851fb000 GCTaskThread "GC Thread#2" [stack: 0x000000de3c300000,0x000000de3c400000] [id=2988]
  0x00000298851fe800 GCTaskThread "GC Thread#3" [stack: 0x000000de3c400000,0x000000de3c500000] [id=7840]
  0x0000029885222000 ConcurrentGCThread "G1 Main Marker" [stack: 0x000000de3c500000,0x000000de3c600000] [id=2576]
  0x000002988522b000 ConcurrentGCThread "G1 Conc#0" [stack: 0x000000de3c600000,0x000000de3c700000] [id=8228]
  0x000002988525d000 ConcurrentGCThread "G1 Refine#0" [stack: 0x000000de3c700000,0x000000de3c800000] [id=7712]
  0x000002988525d800 ConcurrentGCThread "G1 Refine#1" [stack: 0x000000de3c800000,0x000000de3c900000] [id=4988]
  0x000002988525e800 ConcurrentGCThread "G1 Refine#2" [stack: 0x000000de3c900000,0x000000de3ca00000] [id=956]
  0x0000029885260800 ConcurrentGCThread "G1 Refine#3" [stack: 0x000000de3ca00000,0x000000de3cb00000] [id=8292]
  0x0000029885263000 ConcurrentGCThread "G1 Young RemSet Sampling" [stack: 0x000000de3cb00000,0x000000de3cc00000] [id=5304]

Threads with active compile tasks:
C2 CompilerThread025539       4       org.eclipse.equinox.internal.p2.persistence.XMLParser$PropertiesHandler::startElement (35 bytes)

VM state:synchronizing (normal execution)

VM Mutex/Monitor currently owned by a thread:  ([mutex/lock_event])
[0x00000298851dd190] Threads_lock - owner thread: 0x00000298a5347000
[0x00000298851de0c0] Heap_lock - owner thread: 0x00000298a70f0000

Heap address: 0x00000000e1600000, size: 490 MB, Compressed Oops mode: 32-bit
Narrow klass base: 0x0000000000000000, Narrow klass shift: 3
Compressed class space size: 1073741824 Address: 0x0000000100000000

Heap:
 garbage-first heap   total 232448K, used 217457K [0x00000000e1600000, 0x0000000100000000)
  region size 1024K, 7 young (7168K), 3 survivors (3072K)
 Metaspace       used 128162K, capacity 132396K, committed 132736K, reserved 1167360K
  class space    used 13420K, capacity 14949K, committed 14976K, reserved 1048576K
Heap Regions: E=young(eden), S=young(survivor), O=old, HS=humongous(starts), HC=humongous(continues), CS=collection set, F=free, A=archive, TS=gc time stamp, AC=allocation context, TAMS=top-at-mark-start (previous, next)
|   0|0x00000000e1600000, 0x00000000e1700000, 0x00000000e1700000|100%| O|  |TS  0|AC  0|TAMS 0x00000000e1700000, 0x00000000e1700000|
|   1|0x00000000e1700000, 0x00000000e1800000, 0x00000000e1800000|100%| O|  |TS  0|AC  0|TAMS 0x00000000e1800000, 0x00000000e1800000|
|   2|0x00000000e1800000, 0x00000000e1900000, 0x00000000e1900000|100%| O|  |TS  0|AC  0|TAMS 0x00000000e1900000, 0x00000000e1900000|
|   3|0x00000000e1900000, 0x00000000e1a00000, 0x00000000e1a00000|100%| O|  |TS  0|AC  0|TAMS 0x00000000e1a00000, 0x00000000e1a00000|
|   4|0x00000000e1a00000, 0x00000000e1b00000, 0x00000000e1b00000|100%| O|  |TS  0|AC  0|TAMS 0x00000000e1b00000, 0x00000000e1b00000|
|   5|0x00000000e1b00000, 0x00000000e1c00000, 0x00000000e1c00000|100%| O|  |TS  0|AC  0|TAMS 0x00000000e1c00000, 0x00000000e1c00000|
|   6|0x00000000e1c00000, 0x00000000e1d00000, 0x00000000e1d00000|100%| O|  |TS  0|AC  0|TAMS 0x00000000e1d00000, 0x00000000e1d00000|
|   7|0x00000000e1d00000, 0x00000000e1e00000, 0x00000000e1e00000|100%| O|  |TS  0|AC  0|TAMS 0x00000000e1e00000, 0x00000000e1e00000|
|   8|0x00000000e1e00000, 0x00000000e1f00000, 0x00000000e1f00000|100%| O|  |TS  0|AC  0|TAMS 0x00000000e1f00000, 0x00000000e1f00000|
|   9|0x00000000e1f00000, 0x00000000e2000000, 0x00000000e2000000|100%| O|  |TS  0|AC  0|TAMS 0x00000000e2000000, 0x00000000e2000000|
|  10|0x00000000e2000000, 0x00000000e2100000, 0x00000000e2100000|100%| O|  |TS  0|AC  0|TAMS 0x00000000e2100000, 0x00000000e2100000|
|  11|0x00000000e2100000, 0x00000000e2200000, 0x00000000e2200000|100%| O|  |TS  0|AC  0|TAMS 0x00000000e2200000, 0x00000000e2200000|
|  12|0x00000000e2200000, 0x00000000e2300000, 0x00000000e2300000|100%| O|  |TS  0|AC  0|TAMS 0x00000000e2300000, 0x00000000e2300000|
|  13|0x00000000e2300000, 0x00000000e2400000, 0x00000000e2400000|100%| O|  |TS  0|AC  0|TAMS 0x00000000e2400000, 0x00000000e2400000|
|  14|0x00000000e2400000, 0x00000000e2500000, 0x00000000e2500000|100%| O|  |TS  0|AC  0|TAMS 0x00000000e2500000, 0x00000000e2500000|
|  15|0x00000000e2500000, 0x00000000e2600000, 0x00000000e2600000|100%| O|  |TS  0|AC  0|TAMS 0x00000000e2600000, 0x00000000e2600000|
|  16|0x00000000e2600000, 0x00000000e2700000, 0x00000000e2700000|100%| O|  |TS  0|AC  0|TAMS 0x00000000e2700000, 0x00000000e2700000|
|  17|0x00000000e2700000, 0x00000000e2800000, 0x00000000e2800000|100%| O|  |TS  0|AC  0|TAMS 0x00000000e2800000, 0x00000000e2800000|
|  18|0x00000000e2800000, 0x00000000e2900000, 0x00000000e2900000|100%| O|  |TS  0|AC  0|TAMS 0x00000000e2900000, 0x00000000e2900000|
|  19|0x00000000e2900000, 0x00000000e2a00000, 0x00000000e2a00000|100%| O|  |TS  0|AC  0|TAMS 0x00000000e2a00000, 0x00000000e2a00000|
|  20|0x00000000e2a00000, 0x00000000e2b00000, 0x00000000e2b00000|100%| O|  |TS  0|AC  0|TAMS 0x00000000e2b00000, 0x00000000e2b00000|
|  21|0x00000000e2b00000, 0x00000000e2c00000, 0x00000000e2c00000|100%| O|  |TS  0|AC  0|TAMS 0x00000000e2c00000, 0x00000000e2c00000|
|  22|0x00000000e2c00000, 0x00000000e2d00000, 0x00000000e2d00000|100%| O|  |TS  0|AC  0|TAMS 0x00000000e2d00000, 0x00000000e2d00000|
|  23|0x00000000e2d00000, 0x00000000e2e00000, 0x00000000e2e00000|100%| O|  |TS  0|AC  0|TAMS 0x00000000e2e00000, 0x00000000e2e00000|
|  24|0x00000000e2e00000, 0x00000000e2f00000, 0x00000000e2f00000|100%| O|  |TS  0|AC  0|TAMS 0x00000000e2f00000, 0x00000000e2f00000|
|  25|0x00000000e2f00000, 0x00000000e3000000, 0x00000000e3000000|100%| O|  |TS  0|AC  0|TAMS 0x00000000e3000000, 0x00000000e3000000|
|  26|0x00000000e3000000, 0x00000000e3100000, 0x00000000e3100000|100%| O|  |TS  0|AC  0|TAMS 0x00000000e3100000, 0x00000000e3100000|
|  27|0x00000000e3100000, 0x00000000e3200000, 0x00000000e3200000|100%| O|  |TS  0|AC  0|TAMS 0x00000000e3200000, 0x00000000e3200000|
|  28|0x00000000e3200000, 0x00000000e3300000, 0x00000000e3300000|100%| O|  |TS  0|AC  0|TAMS 0x00000000e3300000, 0x00000000e3300000|
|  29|0x00000000e3300000, 0x00000000e3400000, 0x00000000e3400000|100%| O|  |TS  0|AC  0|TAMS 0x00000000e3400000, 0x00000000e3400000|
|  30|0x00000000e3400000, 0x00000000e3500000, 0x00000000e3500000|100%| O|  |TS  0|AC  0|TAMS 0x00000000e3500000, 0x00000000e3500000|
|  31|0x00000000e3500000, 0x00000000e3600000, 0x00000000e3600000|100%| O|  |TS  0|AC  0|TAMS 0x00000000e3600000, 0x00000000e3600000|
|  32|0x00000000e3600000, 0x00000000e3700000, 0x00000000e3700000|100%| O|  |TS  0|AC  0|TAMS 0x00000000e3700000, 0x00000000e3700000|
|  33|0x00000000e3700000, 0x00000000e3800000, 0x00000000e3800000|100%| O|  |TS  0|AC  0|TAMS 0x00000000e3800000, 0x00000000e3800000|
|  34|0x00000000e3800000, 0x00000000e3900000, 0x00000000e3900000|100%| O|  |TS  0|AC  0|TAMS 0x00000000e3900000, 0x00000000e3900000|
|  35|0x00000000e3900000, 0x00000000e3a00000, 0x00000000e3a00000|100%| O|  |TS  0|AC  0|TAMS 0x00000000e3a00000, 0x00000000e3a00000|
|  36|0x00000000e3a00000, 0x00000000e3b00000, 0x00000000e3b00000|100%| O|  |TS  0|AC  0|TAMS 0x00000000e3b00000, 0x00000000e3b00000|
|  37|0x00000000e3b00000, 0x00000000e3c00000, 0x00000000e3c00000|100%| O|  |TS  0|AC  0|TAMS 0x00000000e3c00000, 0x00000000e3c00000|
|  38|0x00000000e3c00000, 0x00000000e3d00000, 0x00000000e3d00000|100%| O|  |TS  0|AC  0|TAMS 0x00000000e3d00000, 0x00000000e3d00000|
|  39|0x00000000e3d00000, 0x00000000e3e00000, 0x00000000e3e00000|100%| O|  |TS  0|AC  0|TAMS 0x00000000e3e00000, 0x00000000e3e00000|
|  40|0x00000000e3e00000, 0x00000000e3f00000, 0x00000000e3f00000|100%| O|  |TS  0|AC  0|TAMS 0x00000000e3f00000, 0x00000000e3f00000|
|  41|0x00000000e3f00000, 0x00000000e4000000, 0x00000000e4000000|100%| O|  |TS  0|AC  0|TAMS 0x00000000e4000000, 0x00000000e4000000|
|  42|0x00000000e4000000, 0x00000000e4100000, 0x00000000e4100000|100%| O|  |TS  0|AC  0|TAMS 0x00000000e4100000, 0x00000000e4100000|
|  43|0x00000000e4100000, 0x00000000e4200000, 0x00000000e4200000|100%| O|  |TS  0|AC  0|TAMS 0x00000000e4200000, 0x00000000e4200000|
|  44|0x00000000e4200000, 0x00000000e4300000, 0x00000000e4300000|100%| O|  |TS  0|AC  0|TAMS 0x00000000e4300000, 0x00000000e4300000|
|  45|0x00000000e4300000, 0x00000000e4400000, 0x00000000e4400000|100%| O|  |TS  0|AC  0|TAMS 0x00000000e4400000, 0x00000000e4400000|
|  46|0x00000000e4400000, 0x00000000e4500000, 0x00000000e4500000|100%| O|  |TS  0|AC  0|TAMS 0x00000000e4500000, 0x00000000e4500000|
|  47|0x00000000e4500000, 0x00000000e4600000, 0x00000000e4600000|100%| O|  |TS  0|AC  0|TAMS 0x00000000e4600000, 0x00000000e4600000|
|  48|0x00000000e4600000, 0x00000000e4700000, 0x00000000e4700000|100%| O|  |TS  0|AC  0|TAMS 0x00000000e4700000, 0x00000000e4700000|
|  49|0x00000000e4700000, 0x00000000e4800000, 0x00000000e4800000|100%| O|  |TS  0|AC  0|TAMS 0x00000000e4800000, 0x00000000e4800000|
|  50|0x00000000e4800000, 0x00000000e4900000, 0x00000000e4900000|100%| O|  |TS  0|AC  0|TAMS 0x00000000e4900000, 0x00000000e4900000|
|  51|0x00000000e4900000, 0x00000000e4a00000, 0x00000000e4a00000|100%| O|  |TS  0|AC  0|TAMS 0x00000000e4a00000, 0x00000000e4a00000|
|  52|0x00000000e4a00000, 0x00000000e4b00000, 0x00000000e4b00000|100%| O|  |TS  0|AC  0|TAMS 0x00000000e4b00000, 0x00000000e4b00000|
|  53|0x00000000e4b00000, 0x00000000e4c00000, 0x00000000e4c00000|100%| O|  |TS  0|AC  0|TAMS 0x00000000e4c00000, 0x00000000e4c00000|
|  54|0x00000000e4c00000, 0x00000000e4d00000, 0x00000000e4d00000|100%| O|  |TS  0|AC  0|TAMS 0x00000000e4d00000, 0x00000000e4d00000|
|  55|0x00000000e4d00000, 0x00000000e4e00000, 0x00000000e4e00000|100%| O|  |TS  0|AC  0|TAMS 0x00000000e4e00000, 0x00000000e4e00000|
|  56|0x00000000e4e00000, 0x00000000e4f00000, 0x00000000e4f00000|100%| O|  |TS  0|AC  0|TAMS 0x00000000e4f00000, 0x00000000e4f00000|
|  57|0x00000000e4f00000, 0x00000000e5000000, 0x00000000e5000000|100%| O|  |TS  0|AC  0|TAMS 0x00000000e5000000, 0x00000000e5000000|
|  58|0x00000000e5000000, 0x00000000e5100000, 0x00000000e5100000|100%| O|  |TS  0|AC  0|TAMS 0x00000000e5100000, 0x00000000e5100000|
|  59|0x00000000e5100000, 0x00000000e5200000, 0x00000000e5200000|100%| O|  |TS  0|AC  0|TAMS 0x00000000e5200000, 0x00000000e5200000|
|  60|0x00000000e5200000, 0x00000000e5300000, 0x00000000e5300000|100%| O|  |TS  0|AC  0|TAMS 0x00000000e5300000, 0x00000000e5300000|
|  61|0x00000000e5300000, 0x00000000e5400000, 0x00000000e5400000|100%| O|  |TS  0|AC  0|TAMS 0x00000000e5400000, 0x00000000e5400000|
|  62|0x00000000e5400000, 0x00000000e5500000, 0x00000000e5500000|100%| O|  |TS  0|AC  0|TAMS 0x00000000e5500000, 0x00000000e5500000|
|  63|0x00000000e5500000, 0x00000000e5600000, 0x00000000e5600000|100%| O|  |TS  0|AC  0|TAMS 0x00000000e5600000, 0x00000000e5600000|
|  64|0x00000000e5600000, 0x00000000e5700000, 0x00000000e5700000|100%| O|  |TS  0|AC  0|TAMS 0x00000000e5700000, 0x00000000e5700000|
|  65|0x00000000e5700000, 0x00000000e5800000, 0x00000000e5800000|100%| O|  |TS  0|AC  0|TAMS 0x00000000e5800000, 0x00000000e5800000|
|  66|0x00000000e5800000, 0x00000000e5900000, 0x00000000e5900000|100%| O|  |TS  0|AC  0|TAMS 0x00000000e5900000, 0x00000000e5900000|
|  67|0x00000000e5900000, 0x00000000e5a00000, 0x00000000e5a00000|100%| O|  |TS  0|AC  0|TAMS 0x00000000e5a00000, 0x00000000e5a00000|
|  68|0x00000000e5a00000, 0x00000000e5b00000, 0x00000000e5b00000|100%| O|  |TS  0|AC  0|TAMS 0x00000000e5b00000, 0x00000000e5b00000|
|  69|0x00000000e5b00000, 0x00000000e5c00000, 0x00000000e5c00000|100%| O|  |TS  0|AC  0|TAMS 0x00000000e5c00000, 0x00000000e5c00000|
|  70|0x00000000e5c00000, 0x00000000e5d00000, 0x00000000e5d00000|100%| O|  |TS  0|AC  0|TAMS 0x00000000e5d00000, 0x00000000e5d00000|
|  71|0x00000000e5d00000, 0x00000000e5e00000, 0x00000000e5e00000|100%| O|  |TS  0|AC  0|TAMS 0x00000000e5e00000, 0x00000000e5e00000|
|  72|0x00000000e5e00000, 0x00000000e5f00000, 0x00000000e5f00000|100%| O|  |TS  0|AC  0|TAMS 0x00000000e5f00000, 0x00000000e5f00000|
|  73|0x00000000e5f00000, 0x00000000e6000000, 0x00000000e6000000|100%| O|  |TS  0|AC  0|TAMS 0x00000000e6000000, 0x00000000e6000000|
|  74|0x00000000e6000000, 0x00000000e6100000, 0x00000000e6100000|100%| O|  |TS  0|AC  0|TAMS 0x00000000e6100000, 0x00000000e6100000|
|  75|0x00000000e6100000, 0x00000000e6200000, 0x00000000e6200000|100%| O|  |TS  0|AC  0|TAMS 0x00000000e6200000, 0x00000000e6200000|
|  76|0x00000000e6200000, 0x00000000e6300000, 0x00000000e6300000|100%| O|  |TS  0|AC  0|TAMS 0x00000000e6300000, 0x00000000e6300000|
|  77|0x00000000e6300000, 0x00000000e6400000, 0x00000000e6400000|100%| O|  |TS  0|AC  0|TAMS 0x00000000e6400000, 0x00000000e6400000|
|  78|0x00000000e6400000, 0x00000000e6500000, 0x00000000e6500000|100%| O|  |TS  0|AC  0|TAMS 0x00000000e6500000, 0x00000000e6500000|
|  79|0x00000000e6500000, 0x00000000e6600000, 0x00000000e6600000|100%| O|  |TS  0|AC  0|TAMS 0x00000000e6600000, 0x00000000e6600000|
|  80|0x00000000e6600000, 0x00000000e6700000, 0x00000000e6700000|100%| O|  |TS  0|AC  0|TAMS 0x00000000e6700000, 0x00000000e6700000|
|  81|0x00000000e6700000, 0x00000000e6800000, 0x00000000e6800000|100%| O|  |TS  0|AC  0|TAMS 0x00000000e6800000, 0x00000000e6800000|
|  82|0x00000000e6800000, 0x00000000e6900000, 0x00000000e6900000|100%| O|  |TS  0|AC  0|TAMS 0x00000000e6900000, 0x00000000e6900000|
|  83|0x00000000e6900000, 0x00000000e6a00000, 0x00000000e6a00000|100%| O|  |TS  0|AC  0|TAMS 0x00000000e6a00000, 0x00000000e6a00000|
|  84|0x00000000e6a00000, 0x00000000e6b00000, 0x00000000e6b00000|100%| O|  |TS  0|AC  0|TAMS 0x00000000e6b00000, 0x00000000e6b00000|
|  85|0x00000000e6b00000, 0x00000000e6c00000, 0x00000000e6c00000|100%| O|  |TS  0|AC  0|TAMS 0x00000000e6c00000, 0x00000000e6c00000|
|  86|0x00000000e6c00000, 0x00000000e6d00000, 0x00000000e6d00000|100%| O|  |TS  0|AC  0|TAMS 0x00000000e6d00000, 0x00000000e6d00000|
|  87|0x00000000e6d00000, 0x00000000e6e00000, 0x00000000e6e00000|100%| O|  |TS  0|AC  0|TAMS 0x00000000e6e00000, 0x00000000e6e00000|
|  88|0x00000000e6e00000, 0x00000000e6f00000, 0x00000000e6f00000|100%| O|  |TS  0|AC  0|TAMS 0x00000000e6f00000, 0x00000000e6f00000|
|  89|0x00000000e6f00000, 0x00000000e6f00000, 0x00000000e7000000|  0%| F|  |TS  0|AC  0|TAMS 0x00000000e6f00000, 0x00000000e6f00000|
|  90|0x00000000e7000000, 0x00000000e7100000, 0x00000000e7100000|100%| O|  |TS  0|AC  0|TAMS 0x00000000e7100000, 0x00000000e7100000|
|  91|0x00000000e7100000, 0x00000000e7200000, 0x00000000e7200000|100%| O|  |TS  0|AC  0|TAMS 0x00000000e7200000, 0x00000000e7200000|
|  92|0x00000000e7200000, 0x00000000e7300000, 0x00000000e7300000|100%| O|  |TS  0|AC  0|TAMS 0x00000000e7300000, 0x00000000e7300000|
|  93|0x00000000e7300000, 0x00000000e7400000, 0x00000000e7400000|100%| O|  |TS  0|AC  0|TAMS 0x00000000e7400000, 0x00000000e7400000|
|  94|0x00000000e7400000, 0x00000000e7500000, 0x00000000e7500000|100%|HS|  |TS  0|AC  0|TAMS 0x00000000e7500000, 0x00000000e7500000|
|  95|0x00000000e7500000, 0x00000000e7600000, 0x00000000e7600000|100%| O|  |TS  0|AC  0|TAMS 0x00000000e7600000, 0x00000000e7600000|
|  96|0x00000000e7600000, 0x00000000e7700000, 0x00000000e7700000|100%| O|  |TS  0|AC  0|TAMS 0x00000000e7700000, 0x00000000e7700000|
|  97|0x00000000e7700000, 0x00000000e7800000, 0x00000000e7800000|100%| O|  |TS  0|AC  0|TAMS 0x00000000e7800000, 0x00000000e7800000|
|  98|0x00000000e7800000, 0x00000000e7900000, 0x00000000e7900000|100%| O|  |TS  0|AC  0|TAMS 0x00000000e7900000, 0x00000000e7900000|
|  99|0x00000000e7900000, 0x00000000e7a00000, 0x00000000e7a00000|100%| O|  |TS  0|AC  0|TAMS 0x00000000e7a00000, 0x00000000e7a00000|
| 100|0x00000000e7a00000, 0x00000000e7b00000, 0x00000000e7b00000|100%| O|  |TS  0|AC  0|TAMS 0x00000000e7b00000, 0x00000000e7b00000|
| 101|0x00000000e7b00000, 0x00000000e7c00000, 0x00000000e7c00000|100%| O|  |TS  0|AC  0|TAMS 0x00000000e7c00000, 0x00000000e7c00000|
| 102|0x00000000e7c00000, 0x00000000e7d00000, 0x00000000e7d00000|100%| O|  |TS  0|AC  0|TAMS 0x00000000e7d00000, 0x00000000e7d00000|
| 103|0x00000000e7d00000, 0x00000000e7e00000, 0x00000000e7e00000|100%| O|  |TS  0|AC  0|TAMS 0x00000000e7e00000, 0x00000000e7e00000|
| 104|0x00000000e7e00000, 0x00000000e7f00000, 0x00000000e7f00000|100%| O|  |TS  0|AC  0|TAMS 0x00000000e7f00000, 0x00000000e7f00000|
| 105|0x00000000e7f00000, 0x00000000e8000000, 0x00000000e8000000|100%| O|  |TS  0|AC  0|TAMS 0x00000000e8000000, 0x00000000e8000000|
| 106|0x00000000e8000000, 0x00000000e8100000, 0x00000000e8100000|100%| O|  |TS  0|AC  0|TAMS 0x00000000e8100000, 0x00000000e8100000|
| 107|0x00000000e8100000, 0x00000000e8200000, 0x00000000e8200000|100%| O|  |TS  0|AC  0|TAMS 0x00000000e8200000, 0x00000000e8200000|
| 108|0x00000000e8200000, 0x00000000e8300000, 0x00000000e8300000|100%| O|  |TS  0|AC  0|TAMS 0x00000000e8300000, 0x00000000e8300000|
| 109|0x00000000e8300000, 0x00000000e8300000, 0x00000000e8400000|  0%| F|  |TS  0|AC  0|TAMS 0x00000000e8300000, 0x00000000e8300000|
| 110|0x00000000e8400000, 0x00000000e8500000, 0x00000000e8500000|100%| O|  |TS  0|AC  0|TAMS 0x00000000e8500000, 0x00000000e8500000|
| 111|0x00000000e8500000, 0x00000000e8600000, 0x00000000e8600000|100%| O|  |TS  0|AC  0|TAMS 0x00000000e8600000, 0x00000000e8600000|
| 112|0x00000000e8600000, 0x00000000e8700000, 0x00000000e8700000|100%| O|  |TS  0|AC  0|TAMS 0x00000000e8700000, 0x00000000e8700000|
| 113|0x00000000e8700000, 0x00000000e8800000, 0x00000000e8800000|100%| O|  |TS  0|AC  0|TAMS 0x00000000e8800000, 0x00000000e8800000|
| 114|0x00000000e8800000, 0x00000000e8900000, 0x00000000e8900000|100%| O|  |TS  0|AC  0|TAMS 0x00000000e8900000, 0x00000000e8900000|
| 115|0x00000000e8900000, 0x00000000e8a00000, 0x00000000e8a00000|100%| O|  |TS  0|AC  0|TAMS 0x00000000e8a00000, 0x00000000e8a00000|
| 116|0x00000000e8a00000, 0x00000000e8b00000, 0x00000000e8b00000|100%| O|  |TS  0|AC  0|TAMS 0x00000000e8b00000, 0x00000000e8b00000|
| 117|0x00000000e8b00000, 0x00000000e8c00000, 0x00000000e8c00000|100%| O|  |TS  0|AC  0|TAMS 0x00000000e8c00000, 0x00000000e8c00000|
| 118|0x00000000e8c00000, 0x00000000e8d00000, 0x00000000e8d00000|100%| O|  |TS  0|AC  0|TAMS 0x00000000e8d00000, 0x00000000e8d00000|
| 119|0x00000000e8d00000, 0x00000000e8e00000, 0x00000000e8e00000|100%|HS|  |TS  0|AC  0|TAMS 0x00000000e8e00000, 0x00000000e8e00000|
| 120|0x00000000e8e00000, 0x00000000e8f00000, 0x00000000e8f00000|100%| O|  |TS  0|AC  0|TAMS 0x00000000e8f00000, 0x00000000e8f00000|
| 121|0x00000000e8f00000, 0x00000000e9000000, 0x00000000e9000000|100%| O|  |TS  0|AC  0|TAMS 0x00000000e9000000, 0x00000000e9000000|
| 122|0x00000000e9000000, 0x00000000e9100000, 0x00000000e9100000|100%| O|  |TS  0|AC  0|TAMS 0x00000000e9100000, 0x00000000e9100000|
| 123|0x00000000e9100000, 0x00000000e9200000, 0x00000000e9200000|100%| O|  |TS  0|AC  0|TAMS 0x00000000e9200000, 0x00000000e9200000|
| 124|0x00000000e9200000, 0x00000000e9300000, 0x00000000e9300000|100%| O|  |TS  0|AC  0|TAMS 0x00000000e9300000, 0x00000000e9300000|
| 125|0x00000000e9300000, 0x00000000e9400000, 0x00000000e9400000|100%| O|  |TS  0|AC  0|TAMS 0x00000000e9400000, 0x00000000e9400000|
| 126|0x00000000e9400000, 0x00000000e9500000, 0x00000000e9500000|100%| O|  |TS  0|AC  0|TAMS 0x00000000e9500000, 0x00000000e9500000|
| 127|0x00000000e9500000, 0x00000000e9600000, 0x00000000e9600000|100%| O|  |TS  0|AC  0|TAMS 0x00000000e9600000, 0x00000000e9600000|
| 128|0x00000000e9600000, 0x00000000e9700000, 0x00000000e9700000|100%| O|  |TS  0|AC  0|TAMS 0x00000000e9700000, 0x00000000e9700000|
| 129|0x00000000e9700000, 0x00000000e9800000, 0x00000000e9800000|100%| O|  |TS  0|AC  0|TAMS 0x00000000e9800000, 0x00000000e9800000|
| 130|0x00000000e9800000, 0x00000000e9900000, 0x00000000e9900000|100%| O|  |TS  0|AC  0|TAMS 0x00000000e9900000, 0x00000000e9900000|
| 131|0x00000000e9900000, 0x00000000e9a00000, 0x00000000e9a00000|100%| O|  |TS  0|AC  0|TAMS 0x00000000e9a00000, 0x00000000e9a00000|
| 132|0x00000000e9a00000, 0x00000000e9a5c400, 0x00000000e9b00000| 36%| O|  |TS  0|AC  0|TAMS 0x00000000e9a5c400, 0x00000000e9a5c400|
| 133|0x00000000e9b00000, 0x00000000e9c00000, 0x00000000e9c00000|100%| O|  |TS  0|AC  0|TAMS 0x00000000e9c00000, 0x00000000e9c00000|
| 134|0x00000000e9c00000, 0x00000000e9d00000, 0x00000000e9d00000|100%|HS|  |TS  0|AC  0|TAMS 0x00000000e9d00000, 0x00000000e9d00000|
| 135|0x00000000e9d00000, 0x00000000e9e00000, 0x00000000e9e00000|100%| O|  |TS  0|AC  0|TAMS 0x00000000e9e00000, 0x00000000e9e00000|
| 136|0x00000000e9e00000, 0x00000000e9f00000, 0x00000000e9f00000|100%| O|  |TS  0|AC  0|TAMS 0x00000000e9f00000, 0x00000000e9f00000|
| 137|0x00000000e9f00000, 0x00000000ea000000, 0x00000000ea000000|100%| O|  |TS  0|AC  0|TAMS 0x00000000ea000000, 0x00000000ea000000|
| 138|0x00000000ea000000, 0x00000000ea100000, 0x00000000ea100000|100%| O|  |TS  0|AC  0|TAMS 0x00000000ea100000, 0x00000000ea100000|
| 139|0x00000000ea100000, 0x00000000ea200000, 0x00000000ea200000|100%| O|  |TS  0|AC  0|TAMS 0x00000000ea200000, 0x00000000ea200000|
| 140|0x00000000ea200000, 0x00000000ea300000, 0x00000000ea300000|100%| O|  |TS  0|AC  0|TAMS 0x00000000ea300000, 0x00000000ea300000|
| 141|0x00000000ea300000, 0x00000000ea400000, 0x00000000ea400000|100%| O|  |TS  0|AC  0|TAMS 0x00000000ea400000, 0x00000000ea400000|
| 142|0x00000000ea400000, 0x00000000ea500000, 0x00000000ea500000|100%|HS|  |TS  0|AC  0|TAMS 0x00000000ea500000, 0x00000000ea500000|
| 143|0x00000000ea500000, 0x00000000ea600000, 0x00000000ea600000|100%|HC|  |TS  0|AC  0|TAMS 0x00000000ea600000, 0x00000000ea600000|
| 144|0x00000000ea600000, 0x00000000ea700000, 0x00000000ea700000|100%|HC|  |TS  0|AC  0|TAMS 0x00000000ea700000, 0x00000000ea700000|
| 145|0x00000000ea700000, 0x00000000ea700000, 0x00000000ea800000|  0%| F|  |TS  0|AC  0|TAMS 0x00000000ea700000, 0x00000000ea700000|
| 146|0x00000000ea800000, 0x00000000ea900000, 0x00000000ea900000|100%| O|  |TS  0|AC  0|TAMS 0x00000000ea900000, 0x00000000ea900000|
| 147|0x00000000ea900000, 0x00000000eaa00000, 0x00000000eaa00000|100%| O|  |TS  0|AC  0|TAMS 0x00000000eaa00000, 0x00000000eaa00000|
| 148|0x00000000eaa00000, 0x00000000eaa00000, 0x00000000eab00000|  0%| F|  |TS  0|AC  0|TAMS 0x00000000eaa00000, 0x00000000eaa00000|
| 149|0x00000000eab00000, 0x00000000eac00000, 0x00000000eac00000|100%| O|  |TS  0|AC  0|TAMS 0x00000000eac00000, 0x00000000eac00000|
| 150|0x00000000eac00000, 0x00000000eac00000, 0x00000000ead00000|  0%| F|  |TS  0|AC  0|TAMS 0x00000000eac00000, 0x00000000eac00000|
| 151|0x00000000ead00000, 0x00000000eae00000, 0x00000000eae00000|100%| O|  |TS  0|AC  0|TAMS 0x00000000eae00000, 0x00000000eae00000|
| 152|0x00000000eae00000, 0x00000000eaf00000, 0x00000000eaf00000|100%| O|  |TS  0|AC  0|TAMS 0x00000000eaf00000, 0x00000000eaf00000|
| 153|0x00000000eaf00000, 0x00000000eb000000, 0x00000000eb000000|100%| O|  |TS  0|AC  0|TAMS 0x00000000eb000000, 0x00000000eb000000|
| 154|0x00000000eb000000, 0x00000000eb100000, 0x00000000eb100000|100%| O|  |TS  0|AC  0|TAMS 0x00000000eb100000, 0x00000000eb100000|
| 155|0x00000000eb100000, 0x00000000eb200000, 0x00000000eb200000|100%| O|  |TS  0|AC  0|TAMS 0x00000000eb200000, 0x00000000eb200000|
| 156|0x00000000eb200000, 0x00000000eb300000, 0x00000000eb300000|100%| O|  |TS  0|AC  0|TAMS 0x00000000eb300000, 0x00000000eb300000|
| 157|0x00000000eb300000, 0x00000000eb400000, 0x00000000eb400000|100%| O|  |TS  0|AC  0|TAMS 0x00000000eb400000, 0x00000000eb400000|
| 158|0x00000000eb400000, 0x00000000eb500000, 0x00000000eb500000|100%| O|  |TS  0|AC  0|TAMS 0x00000000eb500000, 0x00000000eb500000|
| 159|0x00000000eb500000, 0x00000000eb600000, 0x00000000eb600000|100%| O|  |TS  0|AC  0|TAMS 0x00000000eb600000, 0x00000000eb600000|
| 160|0x00000000eb600000, 0x00000000eb700000, 0x00000000eb700000|100%| O|  |TS  0|AC  0|TAMS 0x00000000eb700000, 0x00000000eb700000|
| 161|0x00000000eb700000, 0x00000000eb800000, 0x00000000eb800000|100%| O|  |TS  0|AC  0|TAMS 0x00000000eb800000, 0x00000000eb800000|
| 162|0x00000000eb800000, 0x00000000eb900000, 0x00000000eb900000|100%| O|  |TS  0|AC  0|TAMS 0x00000000eb900000, 0x00000000eb900000|
| 163|0x00000000eb900000, 0x00000000eba00000, 0x00000000eba00000|100%| O|  |TS  0|AC  0|TAMS 0x00000000eba00000, 0x00000000eba00000|
| 164|0x00000000eba00000, 0x00000000ebb00000, 0x00000000ebb00000|100%| O|  |TS  0|AC  0|TAMS 0x00000000ebb00000, 0x00000000ebb00000|
| 165|0x00000000ebb00000, 0x00000000ebc00000, 0x00000000ebc00000|100%| O|  |TS  0|AC  0|TAMS 0x00000000ebc00000, 0x00000000ebc00000|
| 166|0x00000000ebc00000, 0x00000000ebd00000, 0x00000000ebd00000|100%| O|  |TS  0|AC  0|TAMS 0x00000000ebd00000, 0x00000000ebd00000|
| 167|0x00000000ebd00000, 0x00000000ebe00000, 0x00000000ebe00000|100%| O|  |TS  0|AC  0|TAMS 0x00000000ebe00000, 0x00000000ebe00000|
| 168|0x00000000ebe00000, 0x00000000ebf00000, 0x00000000ebf00000|100%| O|  |TS  0|AC  0|TAMS 0x00000000ebf00000, 0x00000000ebf00000|
| 169|0x00000000ebf00000, 0x00000000ec000000, 0x00000000ec000000|100%|HS|  |TS  0|AC  0|TAMS 0x00000000ec000000, 0x00000000ec000000|
| 170|0x00000000ec000000, 0x00000000ec100000, 0x00000000ec100000|100%|HC|  |TS  0|AC  0|TAMS 0x00000000ec100000, 0x00000000ec100000|
| 171|0x00000000ec100000, 0x00000000ec200000, 0x00000000ec200000|100%|HC|  |TS  0|AC  0|TAMS 0x00000000ec200000, 0x00000000ec200000|
| 172|0x00000000ec200000, 0x00000000ec300000, 0x00000000ec300000|100%|HS|  |TS  0|AC  0|TAMS 0x00000000ec300000, 0x00000000ec300000|
| 173|0x00000000ec300000, 0x00000000ec400000, 0x00000000ec400000|100%|HC|  |TS  0|AC  0|TAMS 0x00000000ec400000, 0x00000000ec400000|
| 174|0x00000000ec400000, 0x00000000ec500000, 0x00000000ec500000|100%|HC|  |TS  0|AC  0|TAMS 0x00000000ec500000, 0x00000000ec500000|
| 175|0x00000000ec500000, 0x00000000ec600000, 0x00000000ec600000|100%|HS|  |TS  0|AC  0|TAMS 0x00000000ec600000, 0x00000000ec600000|
| 176|0x00000000ec600000, 0x00000000ec700000, 0x00000000ec700000|100%|HC|  |TS  0|AC  0|TAMS 0x00000000ec700000, 0x00000000ec700000|
| 177|0x00000000ec700000, 0x00000000ec800000, 0x00000000ec800000|100%|HC|  |TS  0|AC  0|TAMS 0x00000000ec800000, 0x00000000ec800000|
| 178|0x00000000ec800000, 0x00000000ec900000, 0x00000000ec900000|100%|HS|  |TS  0|AC  0|TAMS 0x00000000ec800000, 0x00000000ec800000|
| 179|0x00000000ec900000, 0x00000000eca00000, 0x00000000eca00000|100%|HC|  |TS  0|AC  0|TAMS 0x00000000ec900000, 0x00000000ec900000|
| 180|0x00000000eca00000, 0x00000000ecb00000, 0x00000000ecb00000|100%|HC|  |TS  0|AC  0|TAMS 0x00000000eca00000, 0x00000000eca00000|
| 181|0x00000000ecb00000, 0x00000000ecc00000, 0x00000000ecc00000|100%|HS|  |TS  0|AC  0|TAMS 0x00000000ecb00000, 0x00000000ecb00000|
| 182|0x00000000ecc00000, 0x00000000ecd00000, 0x00000000ecd00000|100%|HC|  |TS  0|AC  0|TAMS 0x00000000ecc00000, 0x00000000ecc00000|
| 183|0x00000000ecd00000, 0x00000000ece00000, 0x00000000ece00000|100%|HC|  |TS  0|AC  0|TAMS 0x00000000ecd00000, 0x00000000ecd00000|
| 184|0x00000000ece00000, 0x00000000ecf00000, 0x00000000ecf00000|100%|HS|  |TS  0|AC  0|TAMS 0x00000000ece00000, 0x00000000ece00000|
| 185|0x00000000ecf00000, 0x00000000ed000000, 0x00000000ed000000|100%|HC|  |TS  0|AC  0|TAMS 0x00000000ecf00000, 0x00000000ecf00000|
| 186|0x00000000ed000000, 0x00000000ed100000, 0x00000000ed100000|100%|HC|  |TS  0|AC  0|TAMS 0x00000000ed000000, 0x00000000ed000000|
| 187|0x00000000ed100000, 0x00000000ed100000, 0x00000000ed200000|  0%| F|  |TS  0|AC  0|TAMS 0x00000000ed100000, 0x00000000ed100000|
| 188|0x00000000ed200000, 0x00000000ed300000, 0x00000000ed300000|100%| S|CS|TS  0|AC  0|TAMS 0x00000000ed200000, 0x00000000ed200000|
| 189|0x00000000ed300000, 0x00000000ed400000, 0x00000000ed400000|100%| S|CS|TS  0|AC  0|TAMS 0x00000000ed300000, 0x00000000ed300000|
| 190|0x00000000ed400000, 0x00000000ed500000, 0x00000000ed500000|100%| S|CS|TS  0|AC  0|TAMS 0x00000000ed400000, 0x00000000ed400000|
| 191|0x00000000ed500000, 0x00000000ed500000, 0x00000000ed600000|  0%| F|  |TS  0|AC  0|TAMS 0x00000000ed500000, 0x00000000ed500000|
| 192|0x00000000ed600000, 0x00000000ed600000, 0x00000000ed700000|  0%| F|  |TS  0|AC  0|TAMS 0x00000000ed600000, 0x00000000ed600000|
| 193|0x00000000ed700000, 0x00000000ed800000, 0x00000000ed800000|100%| O|  |TS  0|AC  0|TAMS 0x00000000ed800000, 0x00000000ed800000|
| 194|0x00000000ed800000, 0x00000000ed900000, 0x00000000ed900000|100%|HS|  |TS  0|AC  0|TAMS 0x00000000ed800000, 0x00000000ed800000|
| 195|0x00000000ed900000, 0x00000000eda00000, 0x00000000eda00000|100%|HC|  |TS  0|AC  0|TAMS 0x00000000ed900000, 0x00000000ed900000|
| 196|0x00000000eda00000, 0x00000000edb00000, 0x00000000edb00000|100%|HC|  |TS  0|AC  0|TAMS 0x00000000eda00000, 0x00000000eda00000|
| 197|0x00000000edb00000, 0x00000000edc00000, 0x00000000edc00000|100%|HS|  |TS  0|AC  0|TAMS 0x00000000edb00000, 0x00000000edb00000|
| 198|0x00000000edc00000, 0x00000000edd00000, 0x00000000edd00000|100%|HC|  |TS  0|AC  0|TAMS 0x00000000edc00000, 0x00000000edc00000|
| 199|0x00000000edd00000, 0x00000000ede00000, 0x00000000ede00000|100%|HC|  |TS  0|AC  0|TAMS 0x00000000edd00000, 0x00000000edd00000|
| 200|0x00000000ede00000, 0x00000000edf00000, 0x00000000edf00000|100%|HS|  |TS  0|AC  0|TAMS 0x00000000ede00000, 0x00000000ede00000|
| 201|0x00000000edf00000, 0x00000000ee000000, 0x00000000ee000000|100%|HC|  |TS  0|AC  0|TAMS 0x00000000edf00000, 0x00000000edf00000|
| 202|0x00000000ee000000, 0x00000000ee100000, 0x00000000ee100000|100%|HC|  |TS  0|AC  0|TAMS 0x00000000ee000000, 0x00000000ee000000|
| 203|0x00000000ee100000, 0x00000000ee200000, 0x00000000ee200000|100%|HS|  |TS  0|AC  0|TAMS 0x00000000ee100000, 0x00000000ee100000|
| 204|0x00000000ee200000, 0x00000000ee300000, 0x00000000ee300000|100%|HC|  |TS  0|AC  0|TAMS 0x00000000ee200000, 0x00000000ee200000|
| 205|0x00000000ee300000, 0x00000000ee400000, 0x00000000ee400000|100%|HC|  |TS  0|AC  0|TAMS 0x00000000ee300000, 0x00000000ee300000|
| 206|0x00000000ee400000, 0x00000000ee400000, 0x00000000ee500000|  0%| F|  |TS  0|AC  0|TAMS 0x00000000ee400000, 0x00000000ee400000|
| 207|0x00000000ee500000, 0x00000000ee500000, 0x00000000ee600000|  0%| F|  |TS  0|AC  0|TAMS 0x00000000ee500000, 0x00000000ee500000|
| 208|0x00000000ee600000, 0x00000000ee6a5d58, 0x00000000ee700000| 64%| E|  |TS  0|AC  0|TAMS 0x00000000ee600000, 0x00000000ee600000|
| 209|0x00000000ee700000, 0x00000000ee800000, 0x00000000ee800000|100%| E|CS|TS  0|AC  0|TAMS 0x00000000ee700000, 0x00000000ee700000|
| 210|0x00000000ee800000, 0x00000000ee900000, 0x00000000ee900000|100%| E|CS|TS  0|AC  0|TAMS 0x00000000ee800000, 0x00000000ee800000|
| 211|0x00000000ee900000, 0x00000000eea00000, 0x00000000eea00000|100%| E|CS|TS  0|AC  0|TAMS 0x00000000ee900000, 0x00000000ee900000|
| 212|0x00000000eea00000, 0x00000000eeb00000, 0x00000000eeb00000|100%|HS|  |TS  0|AC  0|TAMS 0x00000000eea00000, 0x00000000eea00000|
| 213|0x00000000eeb00000, 0x00000000eec00000, 0x00000000eec00000|100%|HC|  |TS  0|AC  0|TAMS 0x00000000eeb00000, 0x00000000eeb00000|
| 214|0x00000000eec00000, 0x00000000eed00000, 0x00000000eed00000|100%|HC|  |TS  0|AC  0|TAMS 0x00000000eec00000, 0x00000000eec00000|
| 215|0x00000000eed00000, 0x00000000eee00000, 0x00000000eee00000|100%|HS|  |TS  0|AC  0|TAMS 0x00000000eed00000, 0x00000000eed00000|
| 216|0x00000000eee00000, 0x00000000eef00000, 0x00000000eef00000|100%|HC|  |TS  0|AC  0|TAMS 0x00000000eee00000, 0x00000000eee00000|
| 217|0x00000000eef00000, 0x00000000ef000000, 0x00000000ef000000|100%|HC|  |TS  0|AC  0|TAMS 0x00000000eef00000, 0x00000000eef00000|
| 218|0x00000000ef000000, 0x00000000ef100000, 0x00000000ef100000|100%|HS|  |TS  0|AC  0|TAMS 0x00000000ef000000, 0x00000000ef000000|
| 219|0x00000000ef100000, 0x00000000ef200000, 0x00000000ef200000|100%|HC|  |TS  0|AC  0|TAMS 0x00000000ef100000, 0x00000000ef100000|
| 220|0x00000000ef200000, 0x00000000ef300000, 0x00000000ef300000|100%|HC|  |TS  0|AC  0|TAMS 0x00000000ef200000, 0x00000000ef200000|
| 221|0x00000000ef300000, 0x00000000ef400000, 0x00000000ef400000|100%|HS|  |TS  0|AC  0|TAMS 0x00000000ef300000, 0x00000000ef300000|
| 222|0x00000000ef400000, 0x00000000ef500000, 0x00000000ef500000|100%|HC|  |TS  0|AC  0|TAMS 0x00000000ef400000, 0x00000000ef400000|
| 223|0x00000000ef500000, 0x00000000ef600000, 0x00000000ef600000|100%|HC|  |TS  0|AC  0|TAMS 0x00000000ef500000, 0x00000000ef500000|

Card table byte_map: [0x00000298a1470000,0x00000298a1570000] byte_map_base: 0x00000298a0d65000

Marking Bits (Prev, Next): (CMBitMap*) 0x0000029885221240, (CMBitMap*) 0x0000029885221278
 Prev Bits: [0x00000298a1670000, 0x00000298a1e18000)
 Next Bits: [0x00000298a1e20000, 0x00000298a25c8000)

Polling page: 0x00000298850a0000

CodeHeap 'non-profiled nmethods': size=120064Kb used=14911Kb max_used=14911Kb free=105152Kb
 bounds [0x00000298997f0000, 0x000002989a690000, 0x00000298a0d30000]
CodeHeap 'profiled nmethods': size=120000Kb used=55397Kb max_used=55397Kb free=64602Kb
 bounds [0x00000298922c0000, 0x0000029895920000, 0x00000298997f0000]
CodeHeap 'non-nmethods': size=5696Kb used=1260Kb max_used=1355Kb free=4435Kb
 bounds [0x0000029891d30000, 0x0000029891fa0000, 0x00000298922c0000]
 total_blobs=31811 nmethods=20453 adapters=562
 compilation: enabled

Compilation events (10 events):
Event: 286.412 Thread 0x00000298a53c9000 25538       3       org.eclipse.equinox.internal.p2.persistence.XMLWriter::indent (27 bytes)
Event: 286.414 Thread 0x00000298a53c9000 nmethod 25538 0x0000029895913a90 code [0x0000029895913ca0, 0x0000029895914610]
Event: 286.432 Thread 0x00000298a53bb800 25539       4       org.eclipse.equinox.internal.p2.persistence.XMLParser$PropertiesHandler::startElement (35 bytes)
Event: 286.517 Thread 0x00000298a53c9000 25541       1       org.apache.maven.project.MavenProject::getClassRealm (5 bytes)
Event: 286.518 Thread 0x00000298a53c9000 nmethod 25541 0x000002989a67ea90 code [0x000002989a67ec40, 0x000002989a67ed58]
Event: 286.520 Thread 0x00000298a53c9000 25542       1       com.google.inject.Key$AnnotationInstanceStrategy::hasAttributes (2 bytes)
Event: 286.521 Thread 0x00000298a53c9000 nmethod 25542 0x000002989a67ee10 code [0x000002989a67efc0, 0x000002989a67f0d8]
Event: 286.546 Thread 0x00000298a53c5000 nmethod 25525 0x000002989a67f190 code [0x000002989a67f540, 0x000002989a681c68]
Event: 286.547 Thread 0x00000298a53c5000 25540       4       java.io.OutputStream::write (39 bytes)
Event: 286.582 Thread 0x00000298a53c5000 nmethod 25540 0x000002989a683a10 code [0x000002989a683be0, 0x000002989a684488]

GC Heap History (10 events):
Event: 281.794 GC heap before
{Heap before GC invocations=250 (full 0):
 garbage-first heap   total 217088K, used 187223K [0x00000000e1600000, 0x0000000100000000)
  region size 1024K, 17 young (17408K), 1 survivors (1024K)
 Metaspace       used 127655K, capacity 132068K, committed 132480K, reserved 1167360K
  class space    used 13398K, capacity 14882K, committed 14976K, reserved 1048576K
}
Event: 281.802 GC heap after
{Heap after GC invocations=251 (full 0):
 garbage-first heap   total 217088K, used 170833K [0x00000000e1600000, 0x0000000100000000)
  region size 1024K, 1 young (1024K), 1 survivors (1024K)
 Metaspace       used 127655K, capacity 132068K, committed 132480K, reserved 1167360K
  class space    used 13398K, capacity 14882K, committed 14976K, reserved 1048576K
}
Event: 282.096 GC heap before
{Heap before GC invocations=251 (full 0):
 garbage-first heap   total 217088K, used 188241K [0x00000000e1600000, 0x0000000100000000)
  region size 1024K, 18 young (18432K), 1 survivors (1024K)
 Metaspace       used 127655K, capacity 132068K, committed 132480K, reserved 1167360K
  class space    used 13398K, capacity 14882K, committed 14976K, reserved 1048576K
}
Event: 282.106 GC heap after
{Heap after GC invocations=252 (full 0):
 garbage-first heap   total 217088K, used 170824K [0x00000000e1600000, 0x0000000100000000)
  region size 1024K, 1 young (1024K), 1 survivors (1024K)
 Metaspace       used 127655K, capacity 132068K, committed 132480K, reserved 1167360K
  class space    used 13398K, capacity 14882K, committed 14976K, reserved 1048576K
}
Event: 282.953 GC heap before
{Heap before GC invocations=253 (full 0):
 garbage-first heap   total 217088K, used 189256K [0x00000000e1600000, 0x0000000100000000)
  region size 1024K, 18 young (18432K), 1 survivors (1024K)
 Metaspace       used 127694K, capacity 132068K, committed 132480K, reserved 1167360K
  class space    used 13399K, capacity 14882K, committed 14976K, reserved 1048576K
}
Event: 282.963 GC heap after
{Heap after GC invocations=254 (full 0):
 garbage-first heap   total 217088K, used 171980K [0x00000000e1600000, 0x0000000100000000)
  region size 1024K, 2 young (2048K), 2 survivors (2048K)
 Metaspace       used 127694K, capacity 132068K, committed 132480K, reserved 1167360K
  class space    used 13399K, capacity 14882K, committed 14976K, reserved 1048576K
}
Event: 283.066 GC heap before
{Heap before GC invocations=254 (full 0):
 garbage-first heap   total 217088K, used 180172K [0x00000000e1600000, 0x0000000100000000)
  region size 1024K, 10 young (10240K), 2 survivors (2048K)
 Metaspace       used 127694K, capacity 132068K, committed 132480K, reserved 1167360K
  class space    used 13399K, capacity 14882K, committed 14976K, reserved 1048576K
}
Event: 283.081 GC heap after
{Heap after GC invocations=255 (full 0):
 garbage-first heap   total 217088K, used 165493K [0x00000000e1600000, 0x0000000100000000)
  region size 1024K, 1 young (1024K), 1 survivors (1024K)
 Metaspace       used 127694K, capacity 132068K, committed 132480K, reserved 1167360K
  class space    used 13399K, capacity 14882K, committed 14976K, reserved 1048576K
}
Event: 285.049 GC heap before
{Heap before GC invocations=255 (full 0):
 garbage-first heap   total 217088K, used 198261K [0x00000000e1600000, 0x0000000100000000)
  region size 1024K, 20 young (20480K), 1 survivors (1024K)
 Metaspace       used 127854K, capacity 132202K, committed 132480K, reserved 1167360K
  class space    used 13400K, capacity 14883K, committed 14976K, reserved 1048576K
}
Event: 285.074 GC heap after
{Heap after GC invocations=256 (full 0):
 garbage-first heap   total 217088K, used 180593K [0x00000000e1600000, 0x0000000100000000)
  region size 1024K, 3 young (3072K), 3 survivors (3072K)
 Metaspace       used 127854K, capacity 132202K, committed 132480K, reserved 1167360K
  class space    used 13400K, capacity 14883K, committed 14976K, reserved 1048576K
}

Deoptimization events (10 events):
Event: 283.279 Thread 0x00000298a85f3000 Uncommon trap: reason=class_check action=maybe_recompile pc=0x0000029899bff3bc method=org.eclipse.jdt.internal.compiler.lookup.CompilationUnitScope.typeToRecord(Lorg/eclipse/jdt/internal/compiler/lookup/TypeBinding;)Lorg/eclipse/jdt/internal/compiler/look
Event: 283.705 Thread 0x00000298a85f3000 Uncommon trap: reason=unstable_if action=reinterpret pc=0x0000029899e7a370 method=org.eclipse.jdt.internal.compiler.lookup.Scope.findField(Lorg/eclipse/jdt/internal/compiler/lookup/TypeBinding;[CLorg/eclipse/jdt/internal/compiler/lookup/InvocationSite;ZZ)
Event: 285.929 Thread 0x00000298851df800 Uncommon trap: reason=unstable_if action=reinterpret pc=0x0000029899e0e720 method=java.net.URI.needsNormalization(Ljava/lang/String;)I @ 94 c2
Event: 285.982 Thread 0x00000298851df800 Uncommon trap: reason=class_check action=maybe_recompile pc=0x0000029899c7003c method=org.eclipse.equinox.internal.p2.persistence.XMLParser.checkCancel()V @ 11 c2
Event: 286.003 Thread 0x00000298851df800 Uncommon trap: reason=class_check action=maybe_recompile pc=0x0000029899c7003c method=org.eclipse.equinox.internal.p2.persistence.XMLParser.checkCancel()V @ 11 c2
Event: 286.004 Thread 0x00000298851df800 Uncommon trap: reason=class_check action=maybe_recompile pc=0x0000029899c7003c method=org.eclipse.equinox.internal.p2.persistence.XMLParser.checkCancel()V @ 11 c2
Event: 286.006 Thread 0x00000298851df800 Uncommon trap: reason=class_check action=maybe_recompile pc=0x0000029899c7003c method=org.eclipse.equinox.internal.p2.persistence.XMLParser.checkCancel()V @ 11 c2
Event: 286.464 Thread 0x00000298a85eb800 Uncommon trap: reason=predicate action=maybe_recompile pc=0x000002989a5435b8 method=java.io.OutputStream.write([BII)V @ 22 c2
Event: 286.465 Thread 0x00000298a85eb800 Uncommon trap: reason=class_check action=maybe_recompile pc=0x000002989a548e40 method=java.io.OutputStream.write([BII)V @ 29 c2
Event: 286.527 Thread 0x00000298851df800 Uncommon trap: reason=unstable_if action=reinterpret pc=0x000002989a5dc6fc method=java.util.jar.Attributes.read(Ljava/util/jar/Manifest$FastInputStream;[B)V @ 47 c2

Classes redefined (0 events):
No events

Internal exceptions (10 events):
Event: 282.333 Thread 0x00000298851df800 Exception <a 'java/lang/ArrayIndexOutOfBoundsException'{0x00000000ee7acf98}: 780> (0x00000000ee7acf98) thrown at [t:/workspace/open/src/hotspot/share/interpreter/interpreterRuntime.cpp, line 372]
Event: 282.336 Thread 0x00000298851df800 Implicit null exception at 0x000002989a596f47 to 0x000002989a597d6e
Event: 282.511 Thread 0x00000298851df800 Exception <a 'java/lang/ArrayIndexOutOfBoundsException'{0x00000000ee3d75b0}: 8268> (0x00000000ee3d75b0) thrown at [t:/workspace/open/src/hotspot/share/interpreter/interpreterRuntime.cpp, line 372]
Event: 282.530 Thread 0x00000298851df800 Exception <a 'java/lang/ArrayIndexOutOfBoundsException'{0x00000000ee207f00}: 44554> (0x00000000ee207f00) thrown at [t:/workspace/open/src/hotspot/share/interpreter/interpreterRuntime.cpp, line 372]
Event: 282.667 Thread 0x00000298851df800 Exception <a 'java/lang/ArrayIndexOutOfBoundsException'{0x00000000ee2ea2f0}: 269974> (0x00000000ee2ea2f0) thrown at [t:/workspace/open/src/hotspot/share/interpreter/interpreterRuntime.cpp, line 372]
Event: 282.671 Thread 0x00000298851df800 Exception <a 'java/lang/ArrayIndexOutOfBoundsException'{0x00000000ee2fec20}: 2466> (0x00000000ee2fec20) thrown at [t:/workspace/open/src/hotspot/share/interpreter/interpreterRuntime.cpp, line 372]
Event: 282.676 Thread 0x00000298851df800 Exception <a 'java/lang/ArrayIndexOutOfBoundsException'{0x00000000ee107a78}: 1206> (0x00000000ee107a78) thrown at [t:/workspace/open/src/hotspot/share/interpreter/interpreterRuntime.cpp, line 372]
Event: 282.679 Thread 0x00000298851df800 Exception <a 'java/lang/ArrayIndexOutOfBoundsException'{0x00000000ee10efe0}: 280> (0x00000000ee10efe0) thrown at [t:/workspace/open/src/hotspot/share/interpreter/interpreterRuntime.cpp, line 372]
Event: 285.933 Thread 0x00000298851df800 Exception <a 'java/io/FileNotFoundException'{0x00000000ee9ef158}> (0x00000000ee9ef158) thrown at [t:/workspace/open/src/hotspot/share/prims/jni.cpp, line 611]
Event: 286.016 Thread 0x00000298851df800 Exception <a 'java/io/FileNotFoundException'{0x00000000ee837698}> (0x00000000ee837698) thrown at [t:/workspace/open/src/hotspot/share/prims/jni.cpp, line 611]

Events (10 events):
Event: 286.527 Thread 0x00000298851df800 DEOPT UNPACKING pc=0x0000029891d57f29 sp=0x000000de3c0fde70 mode 2
Event: 286.543 Executing VM operation: RevokeBias
Event: 286.543 Executing VM operation: RevokeBias done
Event: 286.543 Executing VM operation: RevokeBias
Event: 286.544 Executing VM operation: RevokeBias done
Event: 286.688 Thread 0x00000298a85f5000 Thread added: 0x00000298a85f5000
Event: 286.690 Thread 0x00000298a70f0000 Thread added: 0x00000298a70f0000
Event: 286.692 Thread 0x00000298a924e000 Thread added: 0x00000298a924e000
Event: 286.694 Thread 0x00000298a924c000 Thread added: 0x00000298a924c000
Event: 286.732 Executing VM operation: RevokeBias


Dynamic libraries:
0x00007ff690320000 - 0x00007ff69035e000 	C:\Program Files\java\jdk-10.0.2\bin\java.exe
0x00007ff96dd70000 - 0x00007ff96df51000 	C:\WINDOWS\SYSTEM32\ntdll.dll
0x00007ff96d950000 - 0x00007ff96da01000 	C:\WINDOWS\System32\KERNEL32.DLL
0x00007ff96a360000 - 0x00007ff96a5d3000 	C:\WINDOWS\System32\KERNELBASE.dll
0x00007ff96b3b0000 - 0x00007ff96b451000 	C:\WINDOWS\System32\ADVAPI32.dll
0x00007ff96dba0000 - 0x00007ff96dc3e000 	C:\WINDOWS\System32\msvcrt.dll
0x00007ff96c2a0000 - 0x00007ff96c2fb000 	C:\WINDOWS\System32\sechost.dll
0x00007ff96c3e0000 - 0x00007ff96c504000 	C:\WINDOWS\System32\RPCRT4.dll
0x00007ff96da10000 - 0x00007ff96dba0000 	C:\WINDOWS\System32\USER32.dll
0x00007ff96a140000 - 0x00007ff96a160000 	C:\WINDOWS\System32\win32u.dll
0x00007ff96c030000 - 0x00007ff96c058000 	C:\WINDOWS\System32\GDI32.dll
0x00007ff96a7d0000 - 0x00007ff96a962000 	C:\WINDOWS\System32\gdi32full.dll
0x00007ff96a2c0000 - 0x00007ff96a35f000 	C:\WINDOWS\System32\msvcp_win.dll
0x00007ff96a1c0000 - 0x00007ff96a2b8000 	C:\WINDOWS\System32\ucrtbase.dll
0x00007ff957330000 - 0x00007ff957599000 	C:\WINDOWS\WinSxS\amd64_microsoft.windows.common-controls_6595b64144ccf1df_6.0.17134.706_none_fb43a2cb30647007\COMCTL32.dll
0x00007ff959210000 - 0x00007ff95921a000 	C:\WINDOWS\SYSTEM32\VERSION.dll
0x00007ff96bd00000 - 0x00007ff96c022000 	C:\WINDOWS\System32\combase.dll
0x00007ff96b080000 - 0x00007ff96b0fa000 	C:\WINDOWS\System32\bcryptPrimitives.dll
0x00007ff96b510000 - 0x00007ff96b53d000 	C:\WINDOWS\System32\IMM32.DLL
0x00007ff946290000 - 0x00007ff94637f000 	C:\Program Files\java\jdk-10.0.2\bin\msvcr120.dll
0x00007ff9461e0000 - 0x00007ff946286000 	C:\Program Files\java\jdk-10.0.2\bin\msvcp120.dll
0x00000000661a0000 - 0x0000000066c10000 	C:\Program Files\java\jdk-10.0.2\bin\server\jvm.dll
0x00007ff96c300000 - 0x00007ff96c308000 	C:\WINDOWS\System32\PSAPI.DLL
0x00007ff968cb0000 - 0x00007ff968cb9000 	C:\WINDOWS\SYSTEM32\WSOCK32.dll
0x00007ff966b30000 - 0x00007ff966b53000 	C:\WINDOWS\SYSTEM32\WINMM.dll
0x00007ff96c370000 - 0x00007ff96c3dc000 	C:\WINDOWS\System32\WS2_32.dll
0x00007ff966b00000 - 0x00007ff966b2a000 	C:\WINDOWS\SYSTEM32\winmmbase.dll
0x00007ff96b1b0000 - 0x00007ff96b1f9000 	C:\WINDOWS\System32\cfgmgr32.dll
0x00007ff965190000 - 0x00007ff96519f000 	C:\Program Files\java\jdk-10.0.2\bin\verify.dll
0x00007ff968ac0000 - 0x00007ff968c89000 	C:\WINDOWS\SYSTEM32\DBGHELP.DLL
0x00007ff95c9e0000 - 0x00007ff95ca09000 	C:\WINDOWS\SYSTEM32\dbgcore.DLL
0x00007ff962800000 - 0x00007ff962827000 	C:\Program Files\java\jdk-10.0.2\bin\java.dll
0x00007ff9616d0000 - 0x00007ff9616e6000 	C:\Program Files\java\jdk-10.0.2\bin\zip.dll
0x00007ff964df0000 - 0x00007ff964dfa000 	C:\Program Files\java\jdk-10.0.2\bin\jimage.dll
0x00007ff96c510000 - 0x00007ff96d950000 	C:\WINDOWS\System32\SHELL32.dll
0x00007ff96b460000 - 0x00007ff96b509000 	C:\WINDOWS\System32\shcore.dll
0x00007ff96a970000 - 0x00007ff96b07d000 	C:\WINDOWS\System32\windows.storage.dll
0x00007ff96b540000 - 0x00007ff96b591000 	C:\WINDOWS\System32\shlwapi.dll
0x00007ff96a100000 - 0x00007ff96a111000 	C:\WINDOWS\System32\kernel.appcore.dll
0x00007ff96a080000 - 0x00007ff96a09f000 	C:\WINDOWS\System32\profapi.dll
0x00007ff96a0b0000 - 0x00007ff96a0fc000 	C:\WINDOWS\System32\powrprof.dll
0x00007ff96a0a0000 - 0x00007ff96a0aa000 	C:\WINDOWS\System32\FLTLIB.DLL
0x00007ff95ff00000 - 0x00007ff95ff1a000 	C:\Program Files\java\jdk-10.0.2\bin\net.dll
0x00007ff963340000 - 0x00007ff96341d000 	C:\WINDOWS\SYSTEM32\WINHTTP.dll
0x00007ff9698a0000 - 0x00007ff969906000 	C:\WINDOWS\system32\mswsock.dll
0x00007ff95fee0000 - 0x00007ff95fef1000 	C:\Program Files\java\jdk-10.0.2\bin\nio.dll
0x00007ff9654e0000 - 0x00007ff9654ea000 	C:\Users\Paolo\Desktop\apache-maven-3.6.1\lib\jansi-native\windows64\jansi.dll
0x00007ff969a50000 - 0x00007ff969a67000 	C:\WINDOWS\SYSTEM32\CRYPTSP.dll
0x00007ff969480000 - 0x00007ff9694b3000 	C:\WINDOWS\system32\rsaenh.dll
0x00007ff969b80000 - 0x00007ff969ba5000 	C:\WINDOWS\SYSTEM32\bcrypt.dll
0x00007ff969f80000 - 0x00007ff969fa8000 	C:\WINDOWS\SYSTEM32\USERENV.dll
0x00007ff969a70000 - 0x00007ff969a7b000 	C:\WINDOWS\SYSTEM32\CRYPTBASE.dll
0x00007ff969620000 - 0x00007ff969658000 	C:\WINDOWS\SYSTEM32\IPHLPAPI.DLL
0x00007ff96dc40000 - 0x00007ff96dc48000 	C:\WINDOWS\System32\NSI.dll
0x00007ff960fc0000 - 0x00007ff960fd6000 	C:\WINDOWS\SYSTEM32\dhcpcsvc6.DLL
0x00007ff961ff0000 - 0x00007ff96200a000 	C:\WINDOWS\SYSTEM32\dhcpcsvc.DLL
0x00007ff9594a0000 - 0x00007ff9594c3000 	C:\Program Files\java\jdk-10.0.2\bin\sunec.dll
0x00007ff969660000 - 0x00007ff96971e000 	C:\WINDOWS\SYSTEM32\DNSAPI.dll
0x00007ff9603e0000 - 0x00007ff9603ea000 	C:\Windows\System32\rasadhlp.dll
0x00007ff95fd10000 - 0x00007ff95fd82000 	C:\WINDOWS\System32\fwpuclnt.dll
0x00007ff964db0000 - 0x00007ff964dbb000 	C:\Program Files\java\jdk-10.0.2\bin\sunmscapi.dll
0x00007ff96a5e0000 - 0x00007ff96a7c2000 	C:\WINDOWS\System32\CRYPT32.dll
0x00007ff96a120000 - 0x00007ff96a132000 	C:\WINDOWS\System32\MSASN1.dll

dbghelp: loaded successfully - version: 4.0.5 - missing functions: none
symbol engine: initialized successfully - sym options: 0x614 - pdb path: .;C:\Program Files\java\jdk-10.0.2\bin;C:\WINDOWS\SYSTEM32;C:\WINDOWS\WinSxS\amd64_microsoft.windows.common-controls_6595b64144ccf1df_6.0.17134.706_none_fb43a2cb30647007;C:\Program Files\java\jdk-10.0.2\bin\server;C:\Users\Paolo\Desktop\apache-maven-3.6.1\lib\jansi-native\windows64

VM Arguments:
jvm_args: -Dclassworlds.conf=C:\Users\Paolo\Desktop\apache-maven-3.6.1\bin\..\bin\m2.conf -Dmaven.home=C:\Users\Paolo\Desktop\apache-maven-3.6.1\bin\.. -Dlibrary.jansi.path=C:\Users\Paolo\Desktop\apache-maven-3.6.1\bin\..\lib\jansi-native -Dmaven.multiModuleProjectDirectory=C:\Users\Paolo\Documents\Stage e tesi\Yarel\yarel\org.di.unito.yarel.parent 
java_command: org.codehaus.plexus.classworlds.launcher.Launcher clean install
java_class_path (initial): C:\Users\Paolo\Desktop\apache-maven-3.6.1\bin\..\boot\plexus-classworlds-2.6.0.jar
Launcher Type: SUN_STANDARD

Logging:
Log output configuration:
#0: stdout all=warning uptime,level,tags
#1: stderr all=off uptime,level,tags

Environment Variables:
JAVA_HOME=C:\Program Files\java\jdk-10.0.2
CLASSPATH=%CLASSPATH%;C:\gson\gson-2.3.1.jar;.;
PATH=C:\Program Files\java\jdk-10.0.2\bin;C:\WINDOWS\system32;C:\WINDOWS;C:\WINDOWS\System32\Wbem;C:\WINDOWS\System32\WindowsPowerShell\v1.0\;C:\Users\Administrator\AppData\Local\Microsoft\WindowsApps;C:\Recovery\OEM\Backup\;C:\PostgreSQL\pg10\bin;D:\PostgreSQL\pg10\bin;C:\WINDOWS\system32;C:\WINDOWS;C:\WINDOWS\System32\Wbem;C:\WINDOWS\System32\WindowsPowerShell\v1.0\;C:\WINDOWS\System32\OpenSSH\;C:\Program Files\Git\cmd;C:\Users\Paolo\Desktop\apache-maven-3.6.1\bin;C:\Users\Paolo\AppData\Local\Microsoft\WindowsApps;
USERNAME=Paolo
OS=Windows_NT
PROCESSOR_IDENTIFIER=Intel64 Family 6 Model 76 Stepping 3, GenuineIntel



---------------  S Y S T E M  ---------------

OS: Windows 10 , 64 bit Build 17134 (10.0.17134.706)

CPU:total 4 (initial active 4) (4 cores per cpu, 1 threads per core) family 6 model 76 stepping 3, cmov, cx8, fxsr, mmx, sse, sse2, sse3, ssse3, sse4.1, sse4.2, popcnt, aes, clmul, erms, 3dnowpref, tsc, tscinvbit

Memory: 4k page, physical 2002100k(48204k free), swap 5700016k(4988k free)

vm_info: Java HotSpot(TM) 64-Bit Server VM (10.0.2+13) for windows-amd64 JRE (10.0.2+13), built on Jun 28 2018 01:57:56 by "mach5one" with MS VC++ 12.0 (VS2013)

END.
